<?xml version="1.0" encoding="UTF-8"?>
<testng-results skipped="0" failed="0" total="2" passed="2">
  <reporter-output>
  </reporter-output>
  <suite name="Suite" duration-ms="39890" started-at="2016-08-17T16:03:28Z" finished-at="2016-08-17T16:04:08Z">
    <groups>
    </groups>
    <test name="Test" duration-ms="39890" started-at="2016-08-17T16:03:28Z" finished-at="2016-08-17T16:04:08Z">
      <class name="com.library.test.LibraryTest">
        <test-method status="PASS" signature="testSomeLibraryMethod()[pri:0, instance:com.library.test.LibraryTest@3532ec19]" name="testSomeLibraryMethod" duration-ms="14" started-at="2016-08-17T21:33:52Z" finished-at="2016-08-17T21:33:52Z">
          <reporter-output>
          </reporter-output>
        </test-method> <!-- testSomeLibraryMethod -->
      </class> <!-- com.library.test.LibraryTest -->
      <class name="com.sample.test.UploadTest">
        <test-method status="PASS" signature="setUp()[pri:0, instance:com.sample.test.UploadTest@26653222]" name="setUp" is-config="true" duration-ms="23993" started-at="2016-08-17T21:33:28Z" finished-at="2016-08-17T21:33:52Z">
          <reporter-output>
          </reporter-output>
        </test-method> <!-- setUp -->
        <test-method status="PASS" signature="uploadFile()[pri:0, instance:com.sample.test.UploadTest@26653222]" name="uploadFile" duration-ms="11650" started-at="2016-08-17T21:33:52Z" finished-at="2016-08-17T21:34:04Z">
          <reporter-output>
          </reporter-output>
        </test-method> <!-- uploadFile -->
        <test-method status="PASS" signature="tearDown()[pri:0, instance:com.sample.test.UploadTest@26653222]" name="tearDown" is-config="true" duration-ms="4126" started-at="2016-08-17T21:34:04Z" finished-at="2016-08-17T21:34:08Z">
          <reporter-output>
          </reporter-output>
        </test-method> <!-- tearDown -->
      </class> <!-- com.sample.test.UploadTest -->
    </test> <!-- Test -->
  </suite> <!-- Suite -->
</testng-results>
